<?xml version="1.0" encoding="UTF-8"?>
<!-- Generated by org.testng.reporters.JUnitXMLReporter -->
<testsuite hostname="anil" ignored="0" name="Test" tests="11" failures="1" timestamp="27 Apr 2020 09:58:54 GMT" time="209.264" errors="0">
  <testcase name="@AfterClass capturescreen" time="0.0" classname="com.flipkartshopping.testcases.Baseclass">
    <failure type="org.testng.TestNGException" message="
Can inject only one of &amp;lt;ITestContext, XmlTest&amp;gt; into a @AfterClass annotated capturescreen.
For more information on native dependency injection please refer to http://testng.org/doc/documentation-main.html#native-dependency-injection">
      <![CDATA[org.testng.TestNGException: 
Can inject only one of <ITestContext, XmlTest> into a @AfterClass annotated capturescreen.
For more information on native dependency injection please refer to http://testng.org/doc/documentation-main.html#native-dependency-injection
... Removed 23 stack frames]]>
    </failure>
  </testcase> <!-- @AfterClass capturescreen -->
  <testcase name="login" time="1.108" classname="com.flipkartshopping.testcases.TC_LoginMethod">
    <failure type="java.lang.AssertionError" message="expected [true] but found [false]">
      <![CDATA[java.lang.AssertionError: expected [true] but found [false]
at com.flipkartshopping.testcases.TC_LoginMethod.login(TC_LoginMethod.java:41)
... Removed 29 stack frames]]>
    </failure>
  </testcase> <!-- login -->
  <testcase name="electronics" time="63.252" classname="com.flipkartshopping.testcases.TC_LoginMethod"/>
  <testcase name="electronics" time="63.457" classname="com.flipkartshopping.testcases.TC_LoginMethod"/>
  <testcase name="electronics" time="9.43" classname="com.flipkartshopping.testcases.TC_LoginMethod"/>
  <testcase name="electronics" time="9.28" classname="com.flipkartshopping.testcases.TC_LoginMethod"/>
  <testcase name="electronics" time="9.254" classname="com.flipkartshopping.testcases.TC_LoginMethod"/>
  <testcase name="electronics" time="9.337" classname="com.flipkartshopping.testcases.TC_LoginMethod"/>
  <testcase name="electronics" time="9.293" classname="com.flipkartshopping.testcases.TC_LoginMethod"/>
  <testcase name="electronics" time="9.283" classname="com.flipkartshopping.testcases.TC_LoginMethod"/>
  <testcase name="electronics" time="9.272" classname="com.flipkartshopping.testcases.TC_LoginMethod"/>
  <testcase name="electronics" time="9.225" classname="com.flipkartshopping.testcases.TC_LoginMethod"/>
</testsuite> <!-- Test -->
