<?xml version="1.0" encoding="UTF-8"?>
<testng-results skipped="0" failed="1" ignored="0" total="11" passed="10">
  <reporter-output>
  </reporter-output>
  <suite name="Flipkartautomation" duration-ms="209264" started-at="2020-04-27T09:55:24Z" finished-at="2020-04-27T09:58:54Z">
    <groups>
    </groups>
    <test name="Test" duration-ms="209264" started-at="2020-04-27T09:55:24Z" finished-at="2020-04-27T09:58:54Z">
      <class name="com.flipkartshopping.testcases.TC_LoginMethod">
        <test-method status="PASS" signature="setup(java.lang.String)[pri:0, instance:com.flipkartshopping.testcases.TC_LoginMethod@4f209819]" name="setup" is-config="true" duration-ms="6736" started-at="2020-04-27T09:55:25Z" finished-at="2020-04-27T09:55:31Z">
          <params>
            <param index="0">
              <value>
                <![CDATA[chrome]]>
              </value>
            </param>
          </params>
          <reporter-output>
          </reporter-output>
        </test-method> <!-- setup -->
        <test-method status="FAIL" signature="login()[pri:1, instance:com.flipkartshopping.testcases.TC_LoginMethod@4f209819]" name="login" duration-ms="1108" started-at="2020-04-27T09:55:31Z" finished-at="2020-04-27T09:55:32Z">
          <exception class="java.lang.AssertionError">
            <message>
              <![CDATA[expected [true] but found [false]]]>
            </message>
            <full-stacktrace>
              <![CDATA[java.lang.AssertionError: expected [true] but found [false]
at org.testng.Assert.fail(Assert.java:96)
at org.testng.Assert.failNotEquals(Assert.java:776)
at org.testng.Assert.assertTrue(Assert.java:44)
at org.testng.Assert.assertTrue(Assert.java:54)
at com.flipkartshopping.testcases.TC_LoginMethod.login(TC_LoginMethod.java:41)
at sun.reflect.NativeMethodAccessorImpl.invoke0(Native Method)
at sun.reflect.NativeMethodAccessorImpl.invoke(Unknown Source)
at sun.reflect.DelegatingMethodAccessorImpl.invoke(Unknown Source)
at java.lang.reflect.Method.invoke(Unknown Source)
at org.testng.internal.MethodInvocationHelper.invokeMethod(MethodInvocationHelper.java:124)
at org.testng.internal.Invoker.invokeMethod(Invoker.java:583)
at org.testng.internal.Invoker.invokeTestMethod(Invoker.java:719)
at org.testng.internal.Invoker.invokeTestMethods(Invoker.java:989)
at org.testng.internal.TestMethodWorker.invokeTestMethods(TestMethodWorker.java:125)
at org.testng.internal.TestMethodWorker.run(TestMethodWorker.java:109)
at org.testng.TestRunner.privateRun(TestRunner.java:648)
at org.testng.TestRunner.run(TestRunner.java:505)
at org.testng.SuiteRunner.runTest(SuiteRunner.java:455)
at org.testng.SuiteRunner.runSequentially(SuiteRunner.java:450)
at org.testng.SuiteRunner.privateRun(SuiteRunner.java:415)
at org.testng.SuiteRunner.run(SuiteRunner.java:364)
at org.testng.SuiteRunnerWorker.runSuite(SuiteRunnerWorker.java:52)
at org.testng.SuiteRunnerWorker.run(SuiteRunnerWorker.java:84)
at org.testng.TestNG.runSuitesSequentially(TestNG.java:1208)
at org.testng.TestNG.runSuitesLocally(TestNG.java:1137)
at org.testng.TestNG.runSuites(TestNG.java:1049)
at org.testng.TestNG.run(TestNG.java:1017)
at org.testng.remote.AbstractRemoteTestNG.run(AbstractRemoteTestNG.java:115)
at org.testng.remote.RemoteTestNG.initAndRun(RemoteTestNG.java:251)
at org.testng.remote.RemoteTestNG.main(RemoteTestNG.java:77)
]]>
            </full-stacktrace>
          </exception> <!-- java.lang.AssertionError -->
          <reporter-output>
          </reporter-output>
        </test-method> <!-- login -->
        <test-method status="PASS" signature="electronics()[pri:2, instance:com.flipkartshopping.testcases.TC_LoginMethod@4f209819]" name="electronics" duration-ms="63252" started-at="2020-04-27T09:55:32Z" finished-at="2020-04-27T09:56:36Z">
          <reporter-output>
          </reporter-output>
        </test-method> <!-- electronics -->
        <test-method status="PASS" signature="electronics()[pri:2, instance:com.flipkartshopping.testcases.TC_LoginMethod@4f209819]" name="electronics" duration-ms="63457" started-at="2020-04-27T09:56:36Z" finished-at="2020-04-27T09:57:39Z">
          <reporter-output>
          </reporter-output>
        </test-method> <!-- electronics -->
        <test-method status="PASS" signature="electronics()[pri:2, instance:com.flipkartshopping.testcases.TC_LoginMethod@4f209819]" name="electronics" duration-ms="9430" started-at="2020-04-27T09:57:39Z" finished-at="2020-04-27T09:57:49Z">
          <reporter-output>
          </reporter-output>
        </test-method> <!-- electronics -->
        <test-method status="PASS" signature="electronics()[pri:2, instance:com.flipkartshopping.testcases.TC_LoginMethod@4f209819]" name="electronics" duration-ms="9280" started-at="2020-04-27T09:57:49Z" finished-at="2020-04-27T09:57:58Z">
          <reporter-output>
          </reporter-output>
        </test-method> <!-- electronics -->
        <test-method status="PASS" signature="electronics()[pri:2, instance:com.flipkartshopping.testcases.TC_LoginMethod@4f209819]" name="electronics" duration-ms="9254" started-at="2020-04-27T09:57:58Z" finished-at="2020-04-27T09:58:07Z">
          <reporter-output>
          </reporter-output>
        </test-method> <!-- electronics -->
        <test-method status="PASS" signature="electronics()[pri:2, instance:com.flipkartshopping.testcases.TC_LoginMethod@4f209819]" name="electronics" duration-ms="9337" started-at="2020-04-27T09:58:07Z" finished-at="2020-04-27T09:58:16Z">
          <reporter-output>
          </reporter-output>
        </test-method> <!-- electronics -->
        <test-method status="PASS" signature="electronics()[pri:2, instance:com.flipkartshopping.testcases.TC_LoginMethod@4f209819]" name="electronics" duration-ms="9293" started-at="2020-04-27T09:58:16Z" finished-at="2020-04-27T09:58:26Z">
          <reporter-output>
          </reporter-output>
        </test-method> <!-- electronics -->
        <test-method status="PASS" signature="electronics()[pri:2, instance:com.flipkartshopping.testcases.TC_LoginMethod@4f209819]" name="electronics" duration-ms="9283" started-at="2020-04-27T09:58:26Z" finished-at="2020-04-27T09:58:35Z">
          <reporter-output>
          </reporter-output>
        </test-method> <!-- electronics -->
        <test-method status="PASS" signature="electronics()[pri:2, instance:com.flipkartshopping.testcases.TC_LoginMethod@4f209819]" name="electronics" duration-ms="9272" started-at="2020-04-27T09:58:35Z" finished-at="2020-04-27T09:58:44Z">
          <reporter-output>
          </reporter-output>
        </test-method> <!-- electronics -->
        <test-method status="PASS" signature="electronics()[pri:2, instance:com.flipkartshopping.testcases.TC_LoginMethod@4f209819]" name="electronics" duration-ms="9225" started-at="2020-04-27T09:58:44Z" finished-at="2020-04-27T09:58:54Z">
          <reporter-output>
          </reporter-output>
        </test-method> <!-- electronics -->
        <test-method status="FAIL" signature="capturescreen(org.openqa.selenium.WebDriver, java.lang.String)[pri:0, instance:com.flipkartshopping.testcases.TC_LoginMethod@4f209819]" name="capturescreen" is-config="true" duration-ms="0" started-at="2020-04-27T09:58:54Z" finished-at="2020-04-27T09:58:54Z">
          <exception class="org.testng.TestNGException">
            <message>
              <![CDATA[
Can inject only one of <ITestContext, XmlTest> into a @AfterClass annotated capturescreen.
For more information on native dependency injection please refer to http://testng.org/doc/documentation-main.html#native-dependency-injection]]>
            </message>
            <full-stacktrace>
              <![CDATA[org.testng.TestNGException: 
Can inject only one of <ITestContext, XmlTest> into a @AfterClass annotated capturescreen.
For more information on native dependency injection please refer to http://testng.org/doc/documentation-main.html#native-dependency-injection
at org.testng.internal.Parameters.checkParameterTypes(Parameters.java:407)
at org.testng.internal.Parameters.createParametersForMethod(Parameters.java:356)
at org.testng.internal.Parameters.createParameters(Parameters.java:635)
at org.testng.internal.Parameters.createConfigurationParameters(Parameters.java:190)
at org.testng.internal.Invoker.invokeConfigurations(Invoker.java:209)
at org.testng.internal.Invoker.invokeConfigurations(Invoker.java:142)
at org.testng.internal.TestMethodWorker.invokeAfterClassMethods(TestMethodWorker.java:214)
at org.testng.internal.TestMethodWorker.run(TestMethodWorker.java:111)
at org.testng.TestRunner.privateRun(TestRunner.java:648)
at org.testng.TestRunner.run(TestRunner.java:505)
at org.testng.SuiteRunner.runTest(SuiteRunner.java:455)
at org.testng.SuiteRunner.runSequentially(SuiteRunner.java:450)
at org.testng.SuiteRunner.privateRun(SuiteRunner.java:415)
at org.testng.SuiteRunner.run(SuiteRunner.java:364)
at org.testng.SuiteRunnerWorker.runSuite(SuiteRunnerWorker.java:52)
at org.testng.SuiteRunnerWorker.run(SuiteRunnerWorker.java:84)
at org.testng.TestNG.runSuitesSequentially(TestNG.java:1208)
at org.testng.TestNG.runSuitesLocally(TestNG.java:1137)
at org.testng.TestNG.runSuites(TestNG.java:1049)
at org.testng.TestNG.run(TestNG.java:1017)
at org.testng.remote.AbstractRemoteTestNG.run(AbstractRemoteTestNG.java:115)
at org.testng.remote.RemoteTestNG.initAndRun(RemoteTestNG.java:251)
at org.testng.remote.RemoteTestNG.main(RemoteTestNG.java:77)
]]>
            </full-stacktrace>
          </exception> <!-- org.testng.TestNGException -->
          <reporter-output>
          </reporter-output>
        </test-method> <!-- capturescreen -->
      </class> <!-- com.flipkartshopping.testcases.TC_LoginMethod -->
    </test> <!-- Test -->
  </suite> <!-- Flipkartautomation -->
</testng-results>
